-------------------------------------------------------------------------------
Test set: nus.iss.AppTest
-------------------------------------------------------------------------------
Tests run: 2, Failures: 0, Errors: 1, Skipped: 0, Time elapsed: 0.051 s <<< FAILURE! - in nus.iss.AppTest
testGetRandomCookieName(nus.iss.AppTest)  Time elapsed: 0.007 s  <<< ERROR!
java.lang.Error: 
Unresolved compilation problem: 
	Cookie cannot be resolved

	at nus.iss.AppTest.testGetRandomCookieName(AppTest.java:27)

