<?xml version="1.0" encoding="UTF-8"?>
<testsuite xmlns:xsi="http://www.w3.org/2001/XMLSchema-instance" xsi:noNamespaceSchemaLocation="https://maven.apache.org/surefire/maven-surefire-plugin/xsd/surefire-test-report.xsd" name="nus.iss.AppTest" time="0.051" tests="2" errors="1" skipped="0" failures="0">
  <properties>
[...]
</properties>
  <testcase name="shouldAnswerWithTrue" classname="nus.iss.AppTest" time="0.004"/>
  <testcase name="testGetRandomCookieName" classname="nus.iss.AppTest" time="0.007">
    <error message="Unresolved compilation problem: &#10;	Cookie cannot be resolved&#10;" type="java.lang.Error">java.lang.Error: 
Unresolved compilation problem: 
	Cookie cannot be resolved

	at nus.iss.AppTest.testGetRandomCookieName(AppTest.java:27)
</error>
  </testcase>
</testsuite>